<?xml version="1.0" encoding="UTF-8"?>
<testsuite xmlns:xsi="http://www.w3.org/2001/XMLSchema-instance" xsi:noNamespaceSchemaLocation="https://maven.apache.org/surefire/maven-surefire-plugin/xsd/surefire-test-report.xsd" version="3.0.2" name="cm.xenonbyte.farmbyte.common.adapter.file.storage.FileSystemStorageManagerTest" time="0.088" tests="2" errors="0" skipped="0" failures="0">
  <properties>
[...]
</properties>
  <testcase name="should_save_file_success" classname="cm.xenonbyte.farmbyte.common.adapter.file.storage.FileSystemStorageManagerTest" time="0.076"/>
  <testcase name="should_save_file_failure" classname="cm.xenonbyte.farmbyte.common.adapter.file.storage.FileSystemStorageManagerTest" time="0.001"/>
</testsuite>